2026-06-29 22:04:11,576 - aqt.helper - DEBUG - helper 5324 Attempt to download checksum at https://download.qt.io/online/qtsdkrepository/windows_x86/desktop/qt6_683/qt6_683/Updates.xml.sha256
2026-06-29 22:04:32,479 - aqt.main - INFO - installer 39176 aqtinstall(aqt) v3.3.0 on Python 3.11.9 [CPython MSC v.1938 64 bit (AMD64)]
2026-06-29 22:04:32,480 - aqt.helper - DEBUG - helper 39176 Attempt to download checksum at https://download.qt.io/online/qtsdkrepository/windows_x86/desktop/qt6_683/qt6_683/Updates.xml.sha256
2026-06-29 22:04:34,193 - aqt.helper - DEBUG - helper 39176 Attempt to download checksum at https://download.qt.io/online/qtsdkrepository/windows_x86/extensions/qtwebengine/683/msvc2022_64/Updates.xml.sha256
2026-06-29 22:04:35,919 - aqt.archives - INFO - archives 39176 Found extension qtwebengine
2026-06-29 22:04:35,919 - aqt.helper - DEBUG - helper 39176 Attempt to download checksum at https://download.qt.io/online/qtsdkrepository/windows_x86/extensions/qtpdf/683/msvc2022_64/Updates.xml.sha256
2026-06-29 22:04:37,675 - aqt.archives - INFO - archives 39176 Found extension qtpdf
2026-06-29 22:04:38,331 - aqt.helper - DEBUG - helper 24160 Attempt to download checksum at https://download.qt.io/online/qtsdkrepository/windows_x86/desktop/qt6_683/qt6_683/qt.qt6.683.win64_msvc2022_64/6.8.3-0-202503201308qtbase-Windows-Windows_11_23H2-MSVC2022-Windows-Windows_11_23H2-X86_64.7z.sha256
2026-06-29 22:04:38,337 - aqt.helper - DEBUG - helper 31872 Attempt to download checksum at https://download.qt.io/online/qtsdkrepository/windows_x86/desktop/qt6_683/qt6_683/qt.qt6.683.win64_msvc2022_64/6.8.3-0-202503201308qtsvg-Windows-Windows_11_23H2-MSVC2022-Windows-Windows_11_23H2-X86_64.7z.sha256
2026-06-29 22:04:38,337 - aqt.helper - DEBUG - helper 44544 Attempt to download checksum at https://download.qt.io/online/qtsdkrepository/windows_x86/desktop/qt6_683/qt6_683/qt.qt6.683.win64_msvc2022_64/6.8.3-0-202503201308qtdeclarative-Windows-Windows_11_23H2-MSVC2022-Windows-Windows_11_23H2-X86_64.7z.sha256
2026-06-29 22:04:38,348 - aqt.helper - DEBUG - helper 24444 Attempt to download checksum at https://download.qt.io/online/qtsdkrepository/windows_x86/desktop/qt6_683/qt6_683/qt.qt6.683.win64_msvc2022_64/6.8.3-0-202503201308qttools-Windows-Windows_11_23H2-MSVC2022-Windows-Windows_11_23H2-X86_64.7z.sha256
2026-06-29 22:04:39,351 - aqt.helper - INFO - helper 44544 Downloading qtdeclarative...
2026-06-29 22:04:39,351 - aqt.helper - INFO - helper 24160 Downloading qtbase...
2026-06-29 22:04:39,354 - aqt.helper - INFO - helper 31872 Downloading qtsvg...
2026-06-29 22:04:39,354 - aqt.helper - INFO - helper 24444 Downloading qttools...
2026-06-29 22:04:39,351 - aqt.installer - DEBUG - installer 44544 Download URL: https://download.qt.io/online/qtsdkrepository/windows_x86/desktop/qt6_683/qt6_683/qt.qt6.683.win64_msvc2022_64/6.8.3-0-202503201308qtdeclarative-Windows-Windows_11_23H2-MSVC2022-Windows-Windows_11_23H2-X86_64.7z
2026-06-29 22:04:39,352 - aqt.installer - DEBUG - installer 24160 Download URL: https://download.qt.io/online/qtsdkrepository/windows_x86/desktop/qt6_683/qt6_683/qt.qt6.683.win64_msvc2022_64/6.8.3-0-202503201308qtbase-Windows-Windows_11_23H2-MSVC2022-Windows-Windows_11_23H2-X86_64.7z
2026-06-29 22:04:39,354 - aqt.installer - DEBUG - installer 31872 Download URL: https://download.qt.io/online/qtsdkrepository/windows_x86/desktop/qt6_683/qt6_683/qt.qt6.683.win64_msvc2022_64/6.8.3-0-202503201308qtsvg-Windows-Windows_11_23H2-MSVC2022-Windows-Windows_11_23H2-X86_64.7z
2026-06-29 22:04:39,354 - aqt.installer - DEBUG - installer 24444 Download URL: https://download.qt.io/online/qtsdkrepository/windows_x86/desktop/qt6_683/qt6_683/qt.qt6.683.win64_msvc2022_64/6.8.3-0-202503201308qttools-Windows-Windows_11_23H2-MSVC2022-Windows-Windows_11_23H2-X86_64.7z
2026-06-29 22:04:40,298 - aqt.helper - DEBUG - helper 24444 Asked to redirect(302) to: https://qt.mirror.constant.com/online/qtsdkrepository/windows_x86/desktop/qt6_683/qt6_683/qt.qt6.683.win64_msvc2022_64/6.8.3-0-202503201308qttools-Windows-Windows_11_23H2-MSVC2022-Windows-Windows_11_23H2-X86_64.7z
2026-06-29 22:04:40,298 - aqt.helper - INFO - helper 24444 Redirected: qt.mirror.constant.com
2026-06-29 22:04:40,299 - aqt.helper - DEBUG - helper 31872 Asked to redirect(302) to: https://qt.mirror.constant.com/online/qtsdkrepository/windows_x86/desktop/qt6_683/qt6_683/qt.qt6.683.win64_msvc2022_64/6.8.3-0-202503201308qtsvg-Windows-Windows_11_23H2-MSVC2022-Windows-Windows_11_23H2-X86_64.7z
2026-06-29 22:04:40,299 - aqt.helper - INFO - helper 31872 Redirected: qt.mirror.constant.com
2026-06-29 22:04:40,319 - aqt.helper - DEBUG - helper 44544 Asked to redirect(302) to: https://qt.mirror.constant.com/online/qtsdkrepository/windows_x86/desktop/qt6_683/qt6_683/qt.qt6.683.win64_msvc2022_64/6.8.3-0-202503201308qtdeclarative-Windows-Windows_11_23H2-MSVC2022-Windows-Windows_11_23H2-X86_64.7z
2026-06-29 22:04:40,319 - aqt.helper - INFO - helper 44544 Redirected: qt.mirror.constant.com
2026-06-29 22:04:40,361 - aqt.helper - DEBUG - helper 24160 Asked to redirect(302) to: https://qt.mirror.constant.com/online/qtsdkrepository/windows_x86/desktop/qt6_683/qt6_683/qt.qt6.683.win64_msvc2022_64/6.8.3-0-202503201308qtbase-Windows-Windows_11_23H2-MSVC2022-Windows-Windows_11_23H2-X86_64.7z
2026-06-29 22:04:40,361 - aqt.helper - INFO - helper 24160 Redirected: qt.mirror.constant.com
2026-06-29 22:04:41,363 - aqt.installer - INFO - installer 31872 Finished installation of qtsvg-Windows-Windows_11_23H2-MSVC2022-Windows-Windows_11_23H2-X86_64.7z in 3.02814630
2026-06-29 22:04:41,373 - aqt.helper - DEBUG - helper 31872 Attempt to download checksum at https://download.qt.io/online/qtsdkrepository/windows_x86/desktop/qt6_683/qt6_683/qt.qt6.683.win64_msvc2022_64/6.8.3-0-202503201308qttranslations-Windows-Windows_11_23H2-MSVC2022-Windows-Windows_11_23H2-X86_64.7z.sha256
2026-06-29 22:04:42,784 - aqt.helper - INFO - helper 31872 Downloading qttranslations...
2026-06-29 22:04:42,784 - aqt.installer - DEBUG - installer 31872 Download URL: https://download.qt.io/online/qtsdkrepository/windows_x86/desktop/qt6_683/qt6_683/qt.qt6.683.win64_msvc2022_64/6.8.3-0-202503201308qttranslations-Windows-Windows_11_23H2-MSVC2022-Windows-Windows_11_23H2-X86_64.7z
2026-06-29 22:04:44,005 - aqt.helper - DEBUG - helper 31872 Asked to redirect(302) to: https://qt.mirror.constant.com/online/qtsdkrepository/windows_x86/desktop/qt6_683/qt6_683/qt.qt6.683.win64_msvc2022_64/6.8.3-0-202503201308qttranslations-Windows-Windows_11_23H2-MSVC2022-Windows-Windows_11_23H2-X86_64.7z
2026-06-29 22:04:44,005 - aqt.helper - INFO - helper 31872 Redirected: qt.mirror.constant.com
2026-06-29 22:04:45,604 - aqt.installer - INFO - installer 31872 Finished installation of qttranslations-Windows-Windows_11_23H2-MSVC2022-Windows-Windows_11_23H2-X86_64.7z in 4.23266320
2026-06-29 22:04:45,615 - aqt.helper - DEBUG - helper 31872 Attempt to download checksum at https://download.qt.io/online/qtsdkrepository/windows_x86/desktop/qt6_683/qt6_683/qt.qt6.683.win64_msvc2022_64/6.8.3-0-202503201308d3dcompiler_47-x64.7z.sha256
2026-06-29 22:04:46,626 - aqt.helper - INFO - helper 31872 Downloading d3dcompiler_47...
2026-06-29 22:04:46,626 - aqt.installer - DEBUG - installer 31872 Download URL: https://download.qt.io/online/qtsdkrepository/windows_x86/desktop/qt6_683/qt6_683/qt.qt6.683.win64_msvc2022_64/6.8.3-0-202503201308d3dcompiler_47-x64.7z
2026-06-29 22:04:46,788 - aqt.installer - INFO - installer 24444 Finished installation of qttools-Windows-Windows_11_23H2-MSVC2022-Windows-Windows_11_23H2-X86_64.7z in 8.44146750
2026-06-29 22:04:46,800 - aqt.helper - DEBUG - helper 24444 Attempt to download checksum at https://download.qt.io/online/qtsdkrepository/windows_x86/desktop/qt6_683/qt6_683/qt.qt6.683.win64_msvc2022_64/6.8.3-0-202503201308opengl32sw-64-mesa_11_2_2-signed_sha256.7z.sha256
2026-06-29 22:04:47,602 - aqt.helper - DEBUG - helper 31872 Asked to redirect(302) to: https://qt.mirror.constant.com/online/qtsdkrepository/windows_x86/desktop/qt6_683/qt6_683/qt.qt6.683.win64_msvc2022_64/6.8.3-0-202503201308d3dcompiler_47-x64.7z
2026-06-29 22:04:47,603 - aqt.helper - INFO - helper 31872 Redirected: qt.mirror.constant.com
2026-06-29 22:04:47,819 - aqt.helper - INFO - helper 24444 Downloading opengl32sw...
2026-06-29 22:04:47,820 - aqt.installer - DEBUG - installer 24444 Download URL: https://download.qt.io/online/qtsdkrepository/windows_x86/desktop/qt6_683/qt6_683/qt.qt6.683.win64_msvc2022_64/6.8.3-0-202503201308opengl32sw-64-mesa_11_2_2-signed_sha256.7z
2026-06-29 22:04:48,816 - aqt.helper - DEBUG - helper 24444 Asked to redirect(302) to: https://qt.mirror.constant.com/online/qtsdkrepository/windows_x86/desktop/qt6_683/qt6_683/qt.qt6.683.win64_msvc2022_64/6.8.3-0-202503201308opengl32sw-64-mesa_11_2_2-signed_sha256.7z
2026-06-29 22:04:48,816 - aqt.helper - INFO - helper 24444 Redirected: qt.mirror.constant.com
2026-06-29 22:04:48,983 - aqt.installer - INFO - installer 31872 Finished installation of d3dcompiler_47-x64.7z in 3.37013110
2026-06-29 22:04:50,237 - aqt.installer - INFO - installer 24444 Finished installation of opengl32sw-64-mesa_11_2_2-signed_sha256.7z in 3.44052760
2026-06-29 22:04:56,980 - aqt.installer - INFO - installer 24160 Finished installation of qtbase-Windows-Windows_11_23H2-MSVC2022-Windows-Windows_11_23H2-X86_64.7z in 18.64995030
2026-06-29 22:05:15,604 - aqt.installer - INFO - installer 44544 Finished installation of qtdeclarative-Windows-Windows_11_23H2-MSVC2022-Windows-Windows_11_23H2-X86_64.7z in 37.26847320
2026-06-29 22:05:15,805 - aqt.updater - INFO - updater 39176 Patching C:\Qt\6.8.3\msvc2022_64\bin\qmake.exe
2026-06-29 22:05:15,810 - aqt.updater - INFO - updater 39176 Patching C:\Qt\6.8.3\msvc2022_64\lib\Qt6Concurrent.prl
2026-06-29 22:05:15,816 - aqt.updater - INFO - updater 39176 Patching C:\Qt\6.8.3\msvc2022_64\lib\Qt6Concurrentd.prl
2026-06-29 22:05:15,822 - aqt.updater - INFO - updater 39176 Patching C:\Qt\6.8.3\msvc2022_64\lib\Qt6Core.prl
2026-06-29 22:05:15,827 - aqt.updater - INFO - updater 39176 Patching C:\Qt\6.8.3\msvc2022_64\lib\Qt6Cored.prl
2026-06-29 22:05:15,834 - aqt.updater - INFO - updater 39176 Patching C:\Qt\6.8.3\msvc2022_64\lib\Qt6DBus.prl
2026-06-29 22:05:15,840 - aqt.updater - INFO - updater 39176 Patching C:\Qt\6.8.3\msvc2022_64\lib\Qt6DBusd.prl
2026-06-29 22:05:15,846 - aqt.updater - INFO - updater 39176 Patching C:\Qt\6.8.3\msvc2022_64\lib\Qt6Designer.prl
2026-06-29 22:05:15,852 - aqt.updater - INFO - updater 39176 Patching C:\Qt\6.8.3\msvc2022_64\lib\Qt6DesignerComponents.prl
2026-06-29 22:05:15,864 - aqt.updater - INFO - updater 39176 Patching C:\Qt\6.8.3\msvc2022_64\lib\Qt6DesignerComponentsd.prl
2026-06-29 22:05:15,873 - aqt.updater - INFO - updater 39176 Patching C:\Qt\6.8.3\msvc2022_64\lib\Qt6Designerd.prl
2026-06-29 22:05:15,884 - aqt.updater - INFO - updater 39176 Patching C:\Qt\6.8.3\msvc2022_64\lib\Qt6DeviceDiscoverySupport.prl
2026-06-29 22:05:15,890 - aqt.updater - INFO - updater 39176 Patching C:\Qt\6.8.3\msvc2022_64\lib\Qt6DeviceDiscoverySupportd.prl
2026-06-29 22:05:15,897 - aqt.updater - INFO - updater 39176 Patching C:\Qt\6.8.3\msvc2022_64\lib\Qt6EntryPoint.prl
2026-06-29 22:05:15,907 - aqt.updater - INFO - updater 39176 Patching C:\Qt\6.8.3\msvc2022_64\lib\Qt6EntryPointd.prl
2026-06-29 22:05:15,918 - aqt.updater - INFO - updater 39176 Patching C:\Qt\6.8.3\msvc2022_64\lib\Qt6ExampleIcons.prl
2026-06-29 22:05:15,934 - aqt.updater - INFO - updater 39176 Patching C:\Qt\6.8.3\msvc2022_64\lib\Qt6ExampleIconsd.prl
2026-06-29 22:05:15,946 - aqt.updater - INFO - updater 39176 Patching C:\Qt\6.8.3\msvc2022_64\lib\Qt6ExamplesAssetDownloader.prl
2026-06-29 22:05:15,960 - aqt.updater - INFO - updater 39176 Patching C:\Qt\6.8.3\msvc2022_64\lib\Qt6ExamplesAssetDownloaderd.prl
2026-06-29 22:05:15,971 - aqt.updater - INFO - updater 39176 Patching C:\Qt\6.8.3\msvc2022_64\lib\Qt6FbSupport.prl
2026-06-29 22:05:15,982 - aqt.updater - INFO - updater 39176 Patching C:\Qt\6.8.3\msvc2022_64\lib\Qt6FbSupportd.prl
2026-06-29 22:05:15,988 - aqt.updater - INFO - updater 39176 Patching C:\Qt\6.8.3\msvc2022_64\lib\Qt6Gui.prl
2026-06-29 22:05:16,002 - aqt.updater - INFO - updater 39176 Patching C:\Qt\6.8.3\msvc2022_64\lib\Qt6Guid.prl
2026-06-29 22:05:16,016 - aqt.updater - INFO - updater 39176 Patching C:\Qt\6.8.3\msvc2022_64\lib\Qt6Help.prl
2026-06-29 22:05:16,028 - aqt.updater - INFO - updater 39176 Patching C:\Qt\6.8.3\msvc2022_64\lib\Qt6Helpd.prl
2026-06-29 22:05:16,041 - aqt.updater - INFO - updater 39176 Patching C:\Qt\6.8.3\msvc2022_64\lib\Qt6LabsAnimation.prl
2026-06-29 22:05:16,054 - aqt.updater - INFO - updater 39176 Patching C:\Qt\6.8.3\msvc2022_64\lib\Qt6LabsAnimationd.prl
2026-06-29 22:05:16,067 - aqt.updater - INFO - updater 39176 Patching C:\Qt\6.8.3\msvc2022_64\lib\Qt6LabsFolderListModel.prl
2026-06-29 22:05:16,078 - aqt.updater - INFO - updater 39176 Patching C:\Qt\6.8.3\msvc2022_64\lib\Qt6LabsFolderListModeld.prl
2026-06-29 22:05:16,089 - aqt.updater - INFO - updater 39176 Patching C:\Qt\6.8.3\msvc2022_64\lib\Qt6LabsPlatform.prl
2026-06-29 22:05:16,102 - aqt.updater - INFO - updater 39176 Patching C:\Qt\6.8.3\msvc2022_64\lib\Qt6LabsPlatformd.prl
2026-06-29 22:05:16,117 - aqt.updater - INFO - updater 39176 Patching C:\Qt\6.8.3\msvc2022_64\lib\Qt6LabsQmlModels.prl
2026-06-29 22:05:16,130 - aqt.updater - INFO - updater 39176 Patching C:\Qt\6.8.3\msvc2022_64\lib\Qt6LabsQmlModelsd.prl
2026-06-29 22:05:16,141 - aqt.updater - INFO - updater 39176 Patching C:\Qt\6.8.3\msvc2022_64\lib\Qt6LabsSettings.prl
2026-06-29 22:05:16,155 - aqt.updater - INFO - updater 39176 Patching C:\Qt\6.8.3\msvc2022_64\lib\Qt6LabsSettingsd.prl
2026-06-29 22:05:16,166 - aqt.updater - INFO - updater 39176 Patching C:\Qt\6.8.3\msvc2022_64\lib\Qt6LabsSharedImage.prl
2026-06-29 22:05:16,177 - aqt.updater - INFO - updater 39176 Patching C:\Qt\6.8.3\msvc2022_64\lib\Qt6LabsSharedImaged.prl
2026-06-29 22:05:16,191 - aqt.updater - INFO - updater 39176 Patching C:\Qt\6.8.3\msvc2022_64\lib\Qt6LabsWavefrontMesh.prl
2026-06-29 22:05:16,207 - aqt.updater - INFO - updater 39176 Patching C:\Qt\6.8.3\msvc2022_64\lib\Qt6LabsWavefrontMeshd.prl
2026-06-29 22:05:16,220 - aqt.updater - INFO - updater 39176 Patching C:\Qt\6.8.3\msvc2022_64\lib\Qt6Network.prl
2026-06-29 22:05:16,234 - aqt.updater - INFO - updater 39176 Patching C:\Qt\6.8.3\msvc2022_64\lib\Qt6Networkd.prl
2026-06-29 22:05:16,246 - aqt.updater - INFO - updater 39176 Patching C:\Qt\6.8.3\msvc2022_64\lib\Qt6OpenGL.prl
2026-06-29 22:05:16,257 - aqt.updater - INFO - updater 39176 Patching C:\Qt\6.8.3\msvc2022_64\lib\Qt6OpenGLd.prl
2026-06-29 22:05:16,265 - aqt.updater - INFO - updater 39176 Patching C:\Qt\6.8.3\msvc2022_64\lib\Qt6OpenGLWidgets.prl
2026-06-29 22:05:16,278 - aqt.updater - INFO - updater 39176 Patching C:\Qt\6.8.3\msvc2022_64\lib\Qt6OpenGLWidgetsd.prl
2026-06-29 22:05:16,291 - aqt.updater - INFO - updater 39176 Patching C:\Qt\6.8.3\msvc2022_64\lib\Qt6PacketProtocol.prl
2026-06-29 22:05:16,304 - aqt.updater - INFO - updater 39176 Patching C:\Qt\6.8.3\msvc2022_64\lib\Qt6PacketProtocold.prl
2026-06-29 22:05:16,314 - aqt.updater - INFO - updater 39176 Patching C:\Qt\6.8.3\msvc2022_64\lib\Qt6PrintSupport.prl
2026-06-29 22:05:16,320 - aqt.updater - INFO - updater 39176 Patching C:\Qt\6.8.3\msvc2022_64\lib\Qt6PrintSupportd.prl
2026-06-29 22:05:16,327 - aqt.updater - INFO - updater 39176 Patching C:\Qt\6.8.3\msvc2022_64\lib\Qt6Qml.prl
2026-06-29 22:05:16,341 - aqt.updater - INFO - updater 39176 Patching C:\Qt\6.8.3\msvc2022_64\lib\Qt6QmlAssetDownloader.prl
2026-06-29 22:05:16,358 - aqt.updater - INFO - updater 39176 Patching C:\Qt\6.8.3\msvc2022_64\lib\Qt6QmlAssetDownloaderd.prl
2026-06-29 22:05:16,373 - aqt.updater - INFO - updater 39176 Patching C:\Qt\6.8.3\msvc2022_64\lib\Qt6QmlCompiler.prl
2026-06-29 22:05:16,385 - aqt.updater - INFO - updater 39176 Patching C:\Qt\6.8.3\msvc2022_64\lib\Qt6QmlCompilerd.prl
2026-06-29 22:05:16,399 - aqt.updater - INFO - updater 39176 Patching C:\Qt\6.8.3\msvc2022_64\lib\Qt6QmlCore.prl
2026-06-29 22:05:16,415 - aqt.updater - INFO - updater 39176 Patching C:\Qt\6.8.3\msvc2022_64\lib\Qt6QmlCored.prl
2026-06-29 22:05:16,429 - aqt.updater - INFO - updater 39176 Patching C:\Qt\6.8.3\msvc2022_64\lib\Qt6Qmld.prl
2026-06-29 22:05:16,442 - aqt.updater - INFO - updater 39176 Patching C:\Qt\6.8.3\msvc2022_64\lib\Qt6QmlDebug.prl
2026-06-29 22:05:16,456 - aqt.updater - INFO - updater 39176 Patching C:\Qt\6.8.3\msvc2022_64\lib\Qt6QmlDebugd.prl
2026-06-29 22:05:16,469 - aqt.updater - INFO - updater 39176 Patching C:\Qt\6.8.3\msvc2022_64\lib\Qt6QmlDom.prl
2026-06-29 22:05:16,482 - aqt.updater - INFO - updater 39176 Patching C:\Qt\6.8.3\msvc2022_64\lib\Qt6QmlDomd.prl
2026-06-29 22:05:16,494 - aqt.updater - INFO - updater 39176 Patching C:\Qt\6.8.3\msvc2022_64\lib\Qt6QmlLocalStorage.prl
2026-06-29 22:05:16,505 - aqt.updater - INFO - updater 39176 Patching C:\Qt\6.8.3\msvc2022_64\lib\Qt6QmlLocalStoraged.prl
2026-06-29 22:05:16,517 - aqt.updater - INFO - updater 39176 Patching C:\Qt\6.8.3\msvc2022_64\lib\Qt6QmlLS.prl
2026-06-29 22:05:16,534 - aqt.updater - INFO - updater 39176 Patching C:\Qt\6.8.3\msvc2022_64\lib\Qt6QmlLSd.prl
2026-06-29 22:05:16,548 - aqt.updater - INFO - updater 39176 Patching C:\Qt\6.8.3\msvc2022_64\lib\Qt6QmlMeta.prl
2026-06-29 22:05:16,560 - aqt.updater - INFO - updater 39176 Patching C:\Qt\6.8.3\msvc2022_64\lib\Qt6QmlMetad.prl
2026-06-29 22:05:16,570 - aqt.updater - INFO - updater 39176 Patching C:\Qt\6.8.3\msvc2022_64\lib\Qt6QmlModels.prl
2026-06-29 22:05:16,582 - aqt.updater - INFO - updater 39176 Patching C:\Qt\6.8.3\msvc2022_64\lib\Qt6QmlModelsd.prl
2026-06-29 22:05:16,593 - aqt.updater - INFO - updater 39176 Patching C:\Qt\6.8.3\msvc2022_64\lib\Qt6QmlNetwork.prl
2026-06-29 22:05:16,606 - aqt.updater - INFO - updater 39176 Patching C:\Qt\6.8.3\msvc2022_64\lib\Qt6QmlNetworkd.prl
2026-06-29 22:05:16,618 - aqt.updater - INFO - updater 39176 Patching C:\Qt\6.8.3\msvc2022_64\lib\Qt6QmlToolingSettings.prl
2026-06-29 22:05:16,632 - aqt.updater - INFO - updater 39176 Patching C:\Qt\6.8.3\msvc2022_64\lib\Qt6QmlToolingSettingsd.prl
2026-06-29 22:05:16,645 - aqt.updater - INFO - updater 39176 Patching C:\Qt\6.8.3\msvc2022_64\lib\Qt6QmlTypeRegistrar.prl
2026-06-29 22:05:16,656 - aqt.updater - INFO - updater 39176 Patching C:\Qt\6.8.3\msvc2022_64\lib\Qt6QmlTypeRegistrard.prl
2026-06-29 22:05:16,669 - aqt.updater - INFO - updater 39176 Patching C:\Qt\6.8.3\msvc2022_64\lib\Qt6QmlWorkerScript.prl
2026-06-29 22:05:16,678 - aqt.updater - INFO - updater 39176 Patching C:\Qt\6.8.3\msvc2022_64\lib\Qt6QmlWorkerScriptd.prl
2026-06-29 22:05:16,689 - aqt.updater - INFO - updater 39176 Patching C:\Qt\6.8.3\msvc2022_64\lib\Qt6QmlXmlListModel.prl
2026-06-29 22:05:16,695 - aqt.updater - INFO - updater 39176 Patching C:\Qt\6.8.3\msvc2022_64\lib\Qt6QmlXmlListModeld.prl
2026-06-29 22:05:16,709 - aqt.updater - INFO - updater 39176 Patching C:\Qt\6.8.3\msvc2022_64\lib\Qt6Quick.prl
2026-06-29 22:05:16,720 - aqt.updater - INFO - updater 39176 Patching C:\Qt\6.8.3\msvc2022_64\lib\Qt6QuickControls2.prl
2026-06-29 22:05:16,726 - aqt.updater - INFO - updater 39176 Patching C:\Qt\6.8.3\msvc2022_64\lib\Qt6QuickControls2Basic.prl
2026-06-29 22:05:16,737 - aqt.updater - INFO - updater 39176 Patching C:\Qt\6.8.3\msvc2022_64\lib\Qt6QuickControls2Basicd.prl
2026-06-29 22:05:16,747 - aqt.updater - INFO - updater 39176 Patching C:\Qt\6.8.3\msvc2022_64\lib\Qt6QuickControls2BasicStyleImpl.prl
2026-06-29 22:05:16,756 - aqt.updater - INFO - updater 39176 Patching C:\Qt\6.8.3\msvc2022_64\lib\Qt6QuickControls2BasicStyleImpld.prl
2026-06-29 22:05:16,767 - aqt.updater - INFO - updater 39176 Patching C:\Qt\6.8.3\msvc2022_64\lib\Qt6QuickControls2d.prl
2026-06-29 22:05:16,777 - aqt.updater - INFO - updater 39176 Patching C:\Qt\6.8.3\msvc2022_64\lib\Qt6QuickControls2FluentWinUI3StyleImpl.prl
2026-06-29 22:05:16,787 - aqt.updater - INFO - updater 39176 Patching C:\Qt\6.8.3\msvc2022_64\lib\Qt6QuickControls2FluentWinUI3StyleImpld.prl
2026-06-29 22:05:16,796 - aqt.updater - INFO - updater 39176 Patching C:\Qt\6.8.3\msvc2022_64\lib\Qt6QuickControls2Fusion.prl
2026-06-29 22:05:16,810 - aqt.updater - INFO - updater 39176 Patching C:\Qt\6.8.3\msvc2022_64\lib\Qt6QuickControls2Fusiond.prl
2026-06-29 22:05:16,820 - aqt.updater - INFO - updater 39176 Patching C:\Qt\6.8.3\msvc2022_64\lib\Qt6QuickControls2FusionStyleImpl.prl
2026-06-29 22:05:16,830 - aqt.updater - INFO - updater 39176 Patching C:\Qt\6.8.3\msvc2022_64\lib\Qt6QuickControls2FusionStyleImpld.prl
2026-06-29 22:05:16,843 - aqt.updater - INFO - updater 39176 Patching C:\Qt\6.8.3\msvc2022_64\lib\Qt6QuickControls2Imagine.prl
2026-06-29 22:05:16,853 - aqt.updater - INFO - updater 39176 Patching C:\Qt\6.8.3\msvc2022_64\lib\Qt6QuickControls2Imagined.prl
2026-06-29 22:05:16,861 - aqt.updater - INFO - updater 39176 Patching C:\Qt\6.8.3\msvc2022_64\lib\Qt6QuickControls2ImagineStyleImpl.prl
2026-06-29 22:05:16,872 - aqt.updater - INFO - updater 39176 Patching C:\Qt\6.8.3\msvc2022_64\lib\Qt6QuickControls2ImagineStyleImpld.prl
2026-06-29 22:05:16,883 - aqt.updater - INFO - updater 39176 Patching C:\Qt\6.8.3\msvc2022_64\lib\Qt6QuickControls2Impl.prl
2026-06-29 22:05:16,897 - aqt.updater - INFO - updater 39176 Patching C:\Qt\6.8.3\msvc2022_64\lib\Qt6QuickControls2Impld.prl
2026-06-29 22:05:16,904 - aqt.updater - INFO - updater 39176 Patching C:\Qt\6.8.3\msvc2022_64\lib\Qt6QuickControls2Material.prl
2026-06-29 22:05:16,912 - aqt.updater - INFO - updater 39176 Patching C:\Qt\6.8.3\msvc2022_64\lib\Qt6QuickControls2Materiald.prl
2026-06-29 22:05:16,921 - aqt.updater - INFO - updater 39176 Patching C:\Qt\6.8.3\msvc2022_64\lib\Qt6QuickControls2MaterialStyleImpl.prl
2026-06-29 22:05:16,934 - aqt.updater - INFO - updater 39176 Patching C:\Qt\6.8.3\msvc2022_64\lib\Qt6QuickControls2MaterialStyleImpld.prl
2026-06-29 22:05:16,949 - aqt.updater - INFO - updater 39176 Patching C:\Qt\6.8.3\msvc2022_64\lib\Qt6QuickControls2Universal.prl
2026-06-29 22:05:16,965 - aqt.updater - INFO - updater 39176 Patching C:\Qt\6.8.3\msvc2022_64\lib\Qt6QuickControls2Universald.prl
2026-06-29 22:05:16,976 - aqt.updater - INFO - updater 39176 Patching C:\Qt\6.8.3\msvc2022_64\lib\Qt6QuickControls2UniversalStyleImpl.prl
2026-06-29 22:05:16,986 - aqt.updater - INFO - updater 39176 Patching C:\Qt\6.8.3\msvc2022_64\lib\Qt6QuickControls2UniversalStyleImpld.prl
2026-06-29 22:05:16,996 - aqt.updater - INFO - updater 39176 Patching C:\Qt\6.8.3\msvc2022_64\lib\Qt6QuickControls2WindowsStyleImpl.prl
2026-06-29 22:05:17,008 - aqt.updater - INFO - updater 39176 Patching C:\Qt\6.8.3\msvc2022_64\lib\Qt6QuickControls2WindowsStyleImpld.prl
2026-06-29 22:05:17,020 - aqt.updater - INFO - updater 39176 Patching C:\Qt\6.8.3\msvc2022_64\lib\Qt6QuickControlsTestUtils.prl
2026-06-29 22:05:17,033 - aqt.updater - INFO - updater 39176 Patching C:\Qt\6.8.3\msvc2022_64\lib\Qt6QuickControlsTestUtilsd.prl
2026-06-29 22:05:17,044 - aqt.updater - INFO - updater 39176 Patching C:\Qt\6.8.3\msvc2022_64\lib\Qt6Quickd.prl
2026-06-29 22:05:17,059 - aqt.updater - INFO - updater 39176 Patching C:\Qt\6.8.3\msvc2022_64\lib\Qt6QuickDialogs2.prl
2026-06-29 22:05:17,074 - aqt.updater - INFO - updater 39176 Patching C:\Qt\6.8.3\msvc2022_64\lib\Qt6QuickDialogs2d.prl
2026-06-29 22:05:17,086 - aqt.updater - INFO - updater 39176 Patching C:\Qt\6.8.3\msvc2022_64\lib\Qt6QuickDialogs2QuickImpl.prl
2026-06-29 22:05:17,097 - aqt.updater - INFO - updater 39176 Patching C:\Qt\6.8.3\msvc2022_64\lib\Qt6QuickDialogs2QuickImpld.prl
2026-06-29 22:05:17,109 - aqt.updater - INFO - updater 39176 Patching C:\Qt\6.8.3\msvc2022_64\lib\Qt6QuickDialogs2Utils.prl
2026-06-29 22:05:17,123 - aqt.updater - INFO - updater 39176 Patching C:\Qt\6.8.3\msvc2022_64\lib\Qt6QuickDialogs2Utilsd.prl
2026-06-29 22:05:17,137 - aqt.updater - INFO - updater 39176 Patching C:\Qt\6.8.3\msvc2022_64\lib\Qt6QuickEffects.prl
2026-06-29 22:05:17,146 - aqt.updater - INFO - updater 39176 Patching C:\Qt\6.8.3\msvc2022_64\lib\Qt6QuickEffectsd.prl
2026-06-29 22:05:17,158 - aqt.updater - INFO - updater 39176 Patching C:\Qt\6.8.3\msvc2022_64\lib\Qt6QuickLayouts.prl
2026-06-29 22:05:17,172 - aqt.updater - INFO - updater 39176 Patching C:\Qt\6.8.3\msvc2022_64\lib\Qt6QuickLayoutsd.prl
2026-06-29 22:05:17,185 - aqt.updater - INFO - updater 39176 Patching C:\Qt\6.8.3\msvc2022_64\lib\Qt6QuickParticles.prl
2026-06-29 22:05:17,198 - aqt.updater - INFO - updater 39176 Patching C:\Qt\6.8.3\msvc2022_64\lib\Qt6QuickParticlesd.prl
2026-06-29 22:05:17,207 - aqt.updater - INFO - updater 39176 Patching C:\Qt\6.8.3\msvc2022_64\lib\Qt6QuickShapes.prl
2026-06-29 22:05:17,218 - aqt.updater - INFO - updater 39176 Patching C:\Qt\6.8.3\msvc2022_64\lib\Qt6QuickShapesd.prl
2026-06-29 22:05:17,233 - aqt.updater - INFO - updater 39176 Patching C:\Qt\6.8.3\msvc2022_64\lib\Qt6QuickTemplates2.prl
2026-06-29 22:05:17,249 - aqt.updater - INFO - updater 39176 Patching C:\Qt\6.8.3\msvc2022_64\lib\Qt6QuickTemplates2d.prl
2026-06-29 22:05:17,259 - aqt.updater - INFO - updater 39176 Patching C:\Qt\6.8.3\msvc2022_64\lib\Qt6QuickTest.prl
2026-06-29 22:05:17,271 - aqt.updater - INFO - updater 39176 Patching C:\Qt\6.8.3\msvc2022_64\lib\Qt6QuickTestd.prl
2026-06-29 22:05:17,285 - aqt.updater - INFO - updater 39176 Patching C:\Qt\6.8.3\msvc2022_64\lib\Qt6QuickTestUtils.prl
2026-06-29 22:05:17,298 - aqt.updater - INFO - updater 39176 Patching C:\Qt\6.8.3\msvc2022_64\lib\Qt6QuickTestUtilsd.prl
2026-06-29 22:05:17,315 - aqt.updater - INFO - updater 39176 Patching C:\Qt\6.8.3\msvc2022_64\lib\Qt6QuickVectorImage.prl
2026-06-29 22:05:17,328 - aqt.updater - INFO - updater 39176 Patching C:\Qt\6.8.3\msvc2022_64\lib\Qt6QuickVectorImaged.prl
2026-06-29 22:05:17,340 - aqt.updater - INFO - updater 39176 Patching C:\Qt\6.8.3\msvc2022_64\lib\Qt6QuickVectorImageGenerator.prl
2026-06-29 22:05:17,351 - aqt.updater - INFO - updater 39176 Patching C:\Qt\6.8.3\msvc2022_64\lib\Qt6QuickVectorImageGeneratord.prl
2026-06-29 22:05:17,364 - aqt.updater - INFO - updater 39176 Patching C:\Qt\6.8.3\msvc2022_64\lib\Qt6QuickWidgets.prl
2026-06-29 22:05:17,377 - aqt.updater - INFO - updater 39176 Patching C:\Qt\6.8.3\msvc2022_64\lib\Qt6QuickWidgetsd.prl
2026-06-29 22:05:17,389 - aqt.updater - INFO - updater 39176 Patching C:\Qt\6.8.3\msvc2022_64\lib\Qt6Sql.prl
2026-06-29 22:05:17,399 - aqt.updater - INFO - updater 39176 Patching C:\Qt\6.8.3\msvc2022_64\lib\Qt6Sqld.prl
2026-06-29 22:05:17,412 - aqt.updater - INFO - updater 39176 Patching C:\Qt\6.8.3\msvc2022_64\lib\Qt6Svg.prl
2026-06-29 22:05:17,428 - aqt.updater - INFO - updater 39176 Patching C:\Qt\6.8.3\msvc2022_64\lib\Qt6Svgd.prl
2026-06-29 22:05:17,441 - aqt.updater - INFO - updater 39176 Patching C:\Qt\6.8.3\msvc2022_64\lib\Qt6SvgWidgets.prl
2026-06-29 22:05:17,449 - aqt.updater - INFO - updater 39176 Patching C:\Qt\6.8.3\msvc2022_64\lib\Qt6SvgWidgetsd.prl
2026-06-29 22:05:17,461 - aqt.updater - INFO - updater 39176 Patching C:\Qt\6.8.3\msvc2022_64\lib\Qt6Test.prl
2026-06-29 22:05:17,474 - aqt.updater - INFO - updater 39176 Patching C:\Qt\6.8.3\msvc2022_64\lib\Qt6Testd.prl
2026-06-29 22:05:17,487 - aqt.updater - INFO - updater 39176 Patching C:\Qt\6.8.3\msvc2022_64\lib\Qt6UiTools.prl
2026-06-29 22:05:17,500 - aqt.updater - INFO - updater 39176 Patching C:\Qt\6.8.3\msvc2022_64\lib\Qt6UiToolsd.prl
2026-06-29 22:05:17,513 - aqt.updater - INFO - updater 39176 Patching C:\Qt\6.8.3\msvc2022_64\lib\Qt6Widgets.prl
2026-06-29 22:05:17,526 - aqt.updater - INFO - updater 39176 Patching C:\Qt\6.8.3\msvc2022_64\lib\Qt6Widgetsd.prl
2026-06-29 22:05:17,537 - aqt.updater - INFO - updater 39176 Patching C:\Qt\6.8.3\msvc2022_64\lib\Qt6Xml.prl
2026-06-29 22:05:17,547 - aqt.updater - INFO - updater 39176 Patching C:\Qt\6.8.3\msvc2022_64\lib\Qt6Xmld.prl
2026-06-29 22:05:17,562 - aqt.main - INFO - installer 39176 Finished installation
2026-06-29 22:05:17,562 - aqt.main - INFO - installer 39176 Time elapsed: 45.08192630 second
